<?xml version="1.0" encoding="UTF-8"?>
<!-- Generated by org.testng.reporters.JUnitXMLReporter -->
<testsuite ignored="0" hostname="ECOWS-146" failures="1" tests="3" name="EdgeTest" time="64.271" errors="0" timestamp="2026-01-21T12:25:44 IST">
  <testcase classname="testLayer.AddStudentSubjectwiseAttendancePageTest" name="verify_login" time="6.002"/>
  <testcase classname="testLayer.AddStudentSubjectwiseAttendancePageTest" name="verify_subjectwise_Attendance_module_from_sidebar" time="36.123">
    <failure type="org.openqa.selenium.NoSuchSessionException" message="invalid session id: session deleted as the browser has closed the connection
from disconnected: not connected to DevTools
  (Session info: MicrosoftEdge=144.0.3719.82)
Build info: version: &amp;apos;4.34.0&amp;apos;, revision: &amp;apos;707dcb4246*&amp;apos;
System info: os.name: &amp;apos;Windows 10&amp;apos;, os.arch: &amp;apos;amd64&amp;apos;, os.version: &amp;apos;10.0&amp;apos;, java.version: &amp;apos;21.0.8&amp;apos;
Driver info: org.openqa.selenium.edge.EdgeDriver
Command: [8e20f08b0dfc3d7c3ae8516bced72f6e, findElement {value=//*[@id=&amp;quot;sidebar_menu&amp;quot;]/li[4]/a, using=xpath}]
Capabilities {acceptInsecureCerts: false, browserName: MicrosoftEdge, browserVersion: 144.0.3719.82, fedcm:accounts: true, goog:processID: 3516, ms:edgeOptions: {debuggerAddress: localhost:53924}, msedge: {msedgedriverVersion: 144.0.3719.82 (f6f6e1fcd9e6..., userDataDir: C:\Users\vikas\AppData\Loca...}, networkConnectionEnabled: false, pageLoadStrategy: normal, platformName: windows, proxy: Proxy(), se:cdp: ws://localhost:53924/devtoo..., se:cdpVersion: 144.0.3719.82, setWindowRect: true, strictFileInteractability: false, timeouts: {implicit: 0, pageLoad: 300000, script: 30000}, unhandledPromptBehavior: dismiss and notify, webauthn:extension:credBlob: true, webauthn:extension:largeBlob: true, webauthn:extension:minPinLength: true, webauthn:extension:prf: true, webauthn:virtualAuthenticators: true}
Session ID: 8e20f08b0dfc3d7c3ae8516bced72f6e">
      <![CDATA[org.openqa.selenium.NoSuchSessionException: invalid session id: session deleted as the browser has closed the connection
from disconnected: not connected to DevTools
  (Session info: MicrosoftEdge=144.0.3719.82)
Build info: version: '4.34.0', revision: '707dcb4246*'
System info: os.name: 'Windows 10', os.arch: 'amd64', os.version: '10.0', java.version: '21.0.8'
Driver info: org.openqa.selenium.edge.EdgeDriver
Command: [8e20f08b0dfc3d7c3ae8516bced72f6e, findElement {value=//*[@id="sidebar_menu"]/li[4]/a, using=xpath}]
Capabilities {acceptInsecureCerts: false, browserName: MicrosoftEdge, browserVersion: 144.0.3719.82, fedcm:accounts: true, goog:processID: 3516, ms:edgeOptions: {debuggerAddress: localhost:53924}, msedge: {msedgedriverVersion: 144.0.3719.82 (f6f6e1fcd9e6..., userDataDir: C:\Users\vikas\AppData\Loca...}, networkConnectionEnabled: false, pageLoadStrategy: normal, platformName: windows, proxy: Proxy(), se:cdp: ws://localhost:53924/devtoo..., se:cdpVersion: 144.0.3719.82, setWindowRect: true, strictFileInteractability: false, timeouts: {implicit: 0, pageLoad: 300000, script: 30000}, unhandledPromptBehavior: dismiss and notify, webauthn:extension:credBlob: true, webauthn:extension:largeBlob: true, webauthn:extension:minPinLength: true, webauthn:extension:prf: true, webauthn:virtualAuthenticators: true}
Session ID: 8e20f08b0dfc3d7c3ae8516bced72f6e
at org.openqa.selenium.remote.ErrorCodec.decode(ErrorCodec.java:167)
at org.openqa.selenium.remote.codec.w3c.W3CHttpResponseCodec.decode(W3CHttpResponseCodec.java:138)
at org.openqa.selenium.remote.codec.w3c.W3CHttpResponseCodec.decode(W3CHttpResponseCodec.java:50)
at org.openqa.selenium.remote.HttpCommandExecutor.execute(HttpCommandExecutor.java:215)
at org.openqa.selenium.remote.service.DriverCommandExecutor.invokeExecute(DriverCommandExecutor.java:216)
at org.openqa.selenium.remote.service.DriverCommandExecutor.execute(DriverCommandExecutor.java:174)
at org.openqa.selenium.remote.RemoteWebDriver.execute(RemoteWebDriver.java:544)
at org.openqa.selenium.remote.ElementLocation$ElementFinder$2.findElement(ElementLocation.java:165)
at org.openqa.selenium.remote.ElementLocation.findElement(ElementLocation.java:59)
at org.openqa.selenium.remote.RemoteWebDriver.findElement(RemoteWebDriver.java:367)
at org.openqa.selenium.remote.RemoteWebDriver.findElement(RemoteWebDriver.java:361)
at org.openqa.selenium.support.pagefactory.DefaultElementLocator.findElement(DefaultElementLocator.java:68)
at org.openqa.selenium.support.pagefactory.internal.LocatingElementHandler.invoke(LocatingElementHandler.java:38)
at jdk.proxy2/jdk.proxy2.$Proxy16.isDisplayed(Unknown Source)
at org.openqa.selenium.support.ui.ExpectedConditions.elementIfVisible(ExpectedConditions.java:304)
at org.openqa.selenium.support.ui.ExpectedConditions$10.apply(ExpectedConditions.java:290)
at org.openqa.selenium.support.ui.ExpectedConditions$10.apply(ExpectedConditions.java:287)
at org.openqa.selenium.support.ui.FluentWait.until(FluentWait.java:203)
at pageLayer.AdminDashboardpage.click_On_Student_Info_Module(AdminDashboardpage.java:77)
at testLayer.AddStudentSubjectwiseAttendancePageTest.verify_subjectwise_Attendance_module_from_sidebar(AddStudentSubjectwiseAttendancePageTest.java:41)
at java.base/java.util.ArrayList.forEach(ArrayList.java:1596)
... Removed 28 stack frames]]>
    </failure>
  </testcase> <!-- verify_subjectwise_Attendance_module_from_sidebar -->
  <testcase classname="testLayer.AddStudentSubjectwiseAttendancePageTest" name="verify_add_Attendance_CTA" time="0.0">
    <skipped/>
  </testcase> <!-- verify_add_Attendance_CTA -->
</testsuite> <!-- EdgeTest -->
