<?xml version="1.0" encoding="UTF-8"?>
<!-- Generated by org.testng.reporters.JUnitXMLReporter -->
<testsuite ignored="0" hostname="ECOWS-146" failures="0" tests="4" name="FirefoxTest" time="34.632" errors="0" timestamp="2025-11-10T16:40:09 IST">
  <testcase classname="testLayer.AddStudentSubjectwiseAttendancePageTest" name="verify_login" time="0.0">
    <skipped/>
  </testcase> <!-- verify_login -->
  <testcase classname="testLayer.AddStudentSubjectwiseAttendancePageTest" name="verify_subjectwise_Attendance_module_from_sidebar" time="0.001">
    <skipped/>
  </testcase> <!-- verify_subjectwise_Attendance_module_from_sidebar -->
  <testcase classname="testLayer.AddStudentSubjectwiseAttendancePageTest" name="verify_add_Attendance_CTA" time="0.001">
    <skipped/>
  </testcase> <!-- verify_add_Attendance_CTA -->
  <testcase classname="testLayer.AddStudentSubjectwiseAttendancePageTest" name="Verify_Add_Attendance_Module" time="0.0">
    <skipped/>
  </testcase> <!-- Verify_Add_Attendance_Module -->
</testsuite> <!-- FirefoxTest -->
