<?xml version="1.0" encoding="UTF-8"?>
<testng-results ignored="0" total="1" passed="1" failed="0" skipped="0">
  <reporter-output>
  </reporter-output>
  <suite started-at="2025-10-08T18:16:19 IST" name="Default suite" finished-at="2025-10-08T18:16:41 IST" duration-ms="22102">
    <groups>
    </groups>
    <test started-at="2025-10-08T18:16:19 IST" name="Default test" finished-at="2025-10-08T18:16:41 IST" duration-ms="22102">
      <class name="testLayer.LoginTest">
        <test-method is-config="true" signature="setUp()[pri:0, instance:testLayer.LoginTest@40005471]" started-at="2025-10-08T18:16:19 IST" name="setUp" finished-at="2025-10-08T18:16:33 IST" duration-ms="14299" status="PASS">
          <reporter-output>
          </reporter-output>
        </test-method> <!-- setUp -->
        <test-method signature="verify_Login_Functionlity()[pri:0, instance:testLayer.LoginTest@40005471]" started-at="2025-10-08T18:16:33 IST" name="verify_Login_Functionlity" finished-at="2025-10-08T18:16:40 IST" duration-ms="7180" status="PASS">
          <reporter-output>
          </reporter-output>
        </test-method> <!-- verify_Login_Functionlity -->
        <test-method is-config="true" signature="teardown()[pri:0, instance:testLayer.LoginTest@40005471]" started-at="2025-10-08T18:16:40 IST" name="teardown" finished-at="2025-10-08T18:16:41 IST" duration-ms="546" status="PASS">
          <reporter-output>
          </reporter-output>
        </test-method> <!-- teardown -->
      </class> <!-- testLayer.LoginTest -->
    </test> <!-- Default test -->
  </suite> <!-- Default suite -->
</testng-results>
