<?xml version="1.0" encoding="UTF-8"?>
<testng-results ignored="0" total="1" passed="1" failed="0" skipped="0">
  <reporter-output>
  </reporter-output>
  <suite started-at="2025-10-10T13:07:18 IST" name="Default suite" finished-at="2025-10-10T13:08:14 IST" duration-ms="56146">
    <groups>
    </groups>
    <test started-at="2025-10-10T13:07:18 IST" name="Default test" finished-at="2025-10-10T13:08:14 IST" duration-ms="56146">
      <class name="testLayer.AddStudentSubjectwiseAttendancePageTest">
        <test-method is-config="true" signature="setUp()[pri:0, instance:testLayer.AddStudentSubjectwiseAttendancePageTest@40005471]" started-at="2025-10-10T13:07:18 IST" name="setUp" finished-at="2025-10-10T13:07:28 IST" duration-ms="9744" status="PASS">
          <reporter-output>
          </reporter-output>
        </test-method> <!-- setUp -->
        <test-method signature="mark_Attendace_for_student()[pri:0, instance:testLayer.AddStudentSubjectwiseAttendancePageTest@40005471]" started-at="2025-10-10T13:07:28 IST" name="mark_Attendace_for_student" finished-at="2025-10-10T13:08:14 IST" duration-ms="46336" status="PASS">
          <reporter-output>
          </reporter-output>
        </test-method> <!-- mark_Attendace_for_student -->
        <test-method is-config="true" signature="teardown()[pri:0, instance:testLayer.AddStudentSubjectwiseAttendancePageTest@40005471]" started-at="2025-10-10T13:08:14 IST" name="teardown" finished-at="2025-10-10T13:08:14 IST" duration-ms="5" status="PASS">
          <reporter-output>
          </reporter-output>
        </test-method> <!-- teardown -->
      </class> <!-- testLayer.AddStudentSubjectwiseAttendancePageTest -->
    </test> <!-- Default test -->
  </suite> <!-- Default suite -->
</testng-results>
