<?xml version="1.0" encoding="UTF-8"?>
<!-- Generated by org.testng.reporters.JUnitReportReporter -->
<testsuite hostname="ECOWS-146" failures="0" tests="3" name="testLayer.Study_material_Upload_content_pageTest" time="10.846" errors="0" timestamp="2025-11-04T12:20:28 IST" skipped="0">
  <testcase classname="testLayer.Study_material_Upload_content_pageTest" name="upload_content" time="4.823"/>
  <testcase classname="testLayer.Study_material_Upload_content_pageTest" name="clickOnUploadContent" time="0.978"/>
  <testcase classname="testLayer.Study_material_Upload_content_pageTest" name="clickOnUploadContentCTA" time="5.045"/>
</testsuite> <!-- testLayer.Study_material_Upload_content_pageTest -->
